<?xml version="1.0" encoding="UTF-8"?>
<!-- Generated by org.testng.reporters.JUnitReportReporter -->
<testsuite hostname="L-HDCGPLJQV2" name="testcases.TC_01_AddEmployee" tests="1" failures="0" timestamp="13 Mar 2021 04:03:04 GMT" time="69.999" errors="0">
  <testcase name="addEmployee" time="69.999" classname="testcases.TC_01_AddEmployee"/>
</testsuite> <!-- testcases.TC_01_AddEmployee -->
