<?xml version="1.0" encoding="UTF-8"?>
<!-- Generated by org.testng.reporters.JUnitReportReporter -->
<testsuite hostname="L-HDCGPLJQV2" name="testcases.Hello" tests="1" failures="0" timestamp="13 Mar 2021 03:05:44 GMT" time="0.786" errors="0">
  <testcase name="f" time="0.786" classname="testcases.Hello"/>
</testsuite> <!-- testcases.Hello -->
