<?xml version="1.0" encoding="UTF-8"?>
<!-- Generated by org.testng.reporters.JUnitReportReporter -->
<testsuite hostname="L-HDCGPLJQV2" name="testcases.AddEmployee" tests="1" failures="0" timestamp="13 Mar 2021 03:26:45 GMT" time="79.271" errors="0">
  <testcase name="addEmployee" time="79.271" classname="testcases.AddEmployee"/>
</testsuite> <!-- testcases.AddEmployee -->
